\BOOKMARK [0][-]{chapter*.2}{\376\377\000I\000n\000t\000r\000o\000d\000u\000c\000t\000i\000o\000n}{}% 1
\BOOKMARK [0][-]{chapter.1}{\376\377\000N\000e\000e\000d\000F\000i\000n\000d\000i\000n\000g}{}% 2
\BOOKMARK [1][-]{section.1.1}{\376\377\000I\000n\000t\000e\000r\000v\000i\000s\000t\000e}{chapter.1}% 3
\BOOKMARK [2][-]{subsection.1.1.1}{\376\377\000D\000o\000m\000a\000n\000d\000e\000\040\000I\000n\000t\000e\000r\000v\000i\000s\000t\000e}{section.1.1}% 4
\BOOKMARK [2][-]{subsection.1.1.2}{\376\377\000C\000o\000n\000c\000l\000u\000s\000i\000o\000n\000i\000\040\000I\000n\000t\000e\000r\000v\000i\000s\000t\000e}{section.1.1}% 5
\BOOKMARK [1][-]{section.1.2}{\376\377\000Q\000u\000e\000s\000t\000i\000o\000n\000a\000r\000i\000o}{chapter.1}% 6
\BOOKMARK [2][-]{subsection.1.2.1}{\376\377\000D\000o\000m\000a\000n\000d\000e\000\040\000d\000e\000l\000\040\000Q\000u\000e\000s\000t\000i\000o\000n\000a\000r\000i\000o}{section.1.2}% 7
\BOOKMARK [2][-]{subsection.1.2.2}{\376\377\000R\000i\000s\000u\000l\000t\000a\000t\000i\000\040\000Q\000u\000e\000s\000t\000i\000o\000n\000a\000r\000i\000o}{section.1.2}% 8
\BOOKMARK [1][-]{section.1.3}{\376\377\000N\000e\000e\000d\000\040\000e\000\040\000T\000a\000s\000k}{chapter.1}% 9
\BOOKMARK [2][-]{subsection.1.3.1}{\376\377\000N\000e\000e\000d\000\040\0001}{section.1.3}% 10
\BOOKMARK [2][-]{subsection.1.3.2}{\376\377\000N\000e\000e\000d\000\040\0002}{section.1.3}% 11
\BOOKMARK [2][-]{subsection.1.3.3}{\376\377\000N\000e\000e\000d\000\040\0003}{section.1.3}% 12
\BOOKMARK [2][-]{subsection.1.3.4}{\376\377\000N\000e\000e\000d\000\040\0004}{section.1.3}% 13
\BOOKMARK [0][-]{chapter.2}{\376\377\000S\000t\000o\000r\000y\000B\000o\000a\000r\000d\000i\000n\000g}{}% 14
\BOOKMARK [1][-]{section.2.1}{\376\377\000S\000t\000o\000r\000y\000B\000o\000a\000r\000d\000i\000n\000g\000\040\0001\000:\000\040\000C\000o\000n\000d\000i\000v\000i\000s\000i\000o\000n\000e\000\040\000d\000i\000\040\000A\000p\000p\000u\000n\000t\000i}{chapter.2}% 15
\BOOKMARK [2][-]{subsection.2.1.1}{\376\377\000T\000a\000s\000k}{section.2.1}% 16
\BOOKMARK [2][-]{subsection.2.1.2}{\376\377\000S\000t\000o\000r\000y\000B\000o\000a\000r\000d}{section.2.1}% 17
\BOOKMARK [1][-]{section.2.2}{\376\377\000S\000t\000o\000r\000y\000B\000o\000a\000r\000d\000i\000n\000g\000\040\0002\000:\000\040\000C\000o\000n\000o\000s\000c\000e\000r\000e\000\040\000m\000e\000g\000l\000i\000o\000\040\000i\000l\000\040\000P\000r\000o\000f\000e\000s\000s\000o\000r\000e}{chapter.2}% 18
\BOOKMARK [2][-]{subsection.2.2.1}{\376\377\000T\000a\000s\000k}{section.2.2}% 19
\BOOKMARK [2][-]{subsection.2.2.2}{\376\377\000S\000t\000o\000r\000y\000B\000o\000a\000r\000d}{section.2.2}% 20
\BOOKMARK [1][-]{section.2.3}{\376\377\000S\000t\000o\000r\000y\000B\000o\000a\000r\000d\000i\000n\000g\000\040\0003\000:\000\040\000I\000n\000f\000o\000r\000m\000a\000r\000s\000i\000\040\000s\000u\000l\000\040\000T\000i\000r\000o\000c\000i\000n\000i\000o}{chapter.2}% 21
\BOOKMARK [2][-]{subsection.2.3.1}{\376\377\000T\000a\000s\000k}{section.2.3}% 22
\BOOKMARK [2][-]{subsection.2.3.2}{\376\377\000S\000t\000o\000r\000y\000B\000o\000a\000r\000d}{section.2.3}% 23
\BOOKMARK [0][-]{chapter.3}{\376\377\000P\000r\000o\000t\000o\000t\000y\000p\000i\000n\000g}{}% 24
\BOOKMARK [1][-]{section.3.1}{\376\377\000P\000a\000p\000e\000r\000\040\000P\000r\000o\000t\000o\000t\000y\000p\000i\000n\000g}{chapter.3}% 25
\BOOKMARK [2][-]{subsection.3.1.1}{\376\377\000P\000r\000o\000t\000o\000t\000i\000p\000o\000\040\000c\000a\000r\000t\000a\000c\000e\000o\000\040\0001}{section.3.1}% 26
\BOOKMARK [2][-]{subsection.3.1.2}{\376\377\000P\000r\000o\000t\000o\000t\000i\000p\000o\000\040\000c\000a\000r\000t\000a\000c\000e\000o\000\040\0002}{section.3.1}% 27
\BOOKMARK [1][-]{section.3.2}{\376\377\000D\000i\000g\000i\000t\000a\000l\000\040\000P\000r\000o\000t\000o\000t\000y\000p\000i\000n\000g}{chapter.3}% 28
\BOOKMARK [2][-]{subsection.3.2.1}{\376\377\000P\000r\000o\000t\000o\000t\000i\000p\000o\000\040\000d\000i\000g\000i\000t\000a\000l\000e\000\040\0001}{section.3.2}% 29
\BOOKMARK [2][-]{subsection.3.2.2}{\376\377\000P\000r\000o\000t\000o\000t\000i\000p\000o\000\040\000d\000i\000g\000i\000t\000a\000l\000e\000\040\0002}{section.3.2}% 30
\BOOKMARK [2][-]{subsection.3.2.3}{\376\377\000P\000r\000o\000t\000o\000t\000i\000p\000o\000\040\000d\000i\000g\000i\000t\000a\000l\000e\000\040\0003}{section.3.2}% 31
